[2021-12-22 14:19:28.935] [32m[kground-preinit][0;39m [34mINFO [0;39m [o.h.v.internal.util.Version:21] --  HV000001: Hibernate Validator 6.2.0.Final  
[2021-12-22 14:19:30.460] [32m[           main][0;39m [34mINFO [0;39m [o.s.c.b.c.PropertySourceBootstrapConfiguration:109] --  Located property source: [BootstrapPropertySource {name='bootstrapProperties-/secret/bbichul'}, BootstrapPropertySource {name='bootstrapProperties-/secret/application'}]  
[2021-12-22 14:19:30.494] [32m[           main][0;39m [34mINFO [0;39m [s.bbichul.BbichulApplication:670] --  No active profile set, falling back to default profiles: default  
[2021-12-22 14:19:31.244] [32m[           main][0;39m [34mINFO [0;39m [o.s.d.r.c.RepositoryConfigurationDelegate:132] --  Bootstrapping Spring Data JPA repositories in DEFAULT mode.  
[2021-12-22 14:19:31.340] [32m[           main][0;39m [34mINFO [0;39m [o.s.d.r.c.RepositoryConfigurationDelegate:201] --  Finished Spring Data repository scanning in 90 ms. Found 8 JPA repository interfaces.  
[2021-12-22 14:19:31.541] [32m[           main][0;39m [34mINFO [0;39m [o.s.c.c.scope.GenericScope:283] --  BeanFactory id=e58d367a-8c1b-342c-946e-e719dc9e8ccf  
[2021-12-22 14:19:31.762] [32m[           main][0;39m [34mINFO [0;39m [o.s.c.s.PostProcessorRegistrationDelegate$BeanPostProcessorChecker:376] --  Bean 'org.springframework.security.access.expression.method.DefaultMethodSecurityExpressionHandler@55fee662' of type [org.springframework.security.access.expression.method.DefaultMethodSecurityExpressionHandler] is not eligible for getting processed by all BeanPostProcessors (for example: not eligible for auto-proxying)  
[2021-12-22 14:19:31.772] [32m[           main][0;39m [34mINFO [0;39m [o.s.c.s.PostProcessorRegistrationDelegate$BeanPostProcessorChecker:376] --  Bean 'methodSecurityMetadataSource' of type [org.springframework.security.access.method.DelegatingMethodSecurityMetadataSource] is not eligible for getting processed by all BeanPostProcessors (for example: not eligible for auto-proxying)  
[2021-12-22 14:19:32.004] [32m[           main][0;39m [34mINFO [0;39m [o.s.b.w.e.t.TomcatWebServer:108] --  Tomcat initialized with port(s): 8080 (http)  
[2021-12-22 14:19:32.014] [32m[           main][0;39m [34mINFO [0;39m [o.a.c.http11.Http11NioProtocol:173] --  Initializing ProtocolHandler ["http-nio-8080"]  
[2021-12-22 14:19:32.015] [32m[           main][0;39m [34mINFO [0;39m [o.a.c.core.StandardService:173] --  Starting service [Tomcat]  
[2021-12-22 14:19:32.015] [32m[           main][0;39m [34mINFO [0;39m [o.a.c.core.StandardEngine:173] --  Starting Servlet engine: [Apache Tomcat/9.0.55]  
[2021-12-22 14:19:32.123] [32m[           main][0;39m [34mINFO [0;39m [o.a.c.c.C.[.[localhost].[/]:173] --  Initializing Spring embedded WebApplicationContext  
[2021-12-22 14:19:32.123] [32m[           main][0;39m [34mINFO [0;39m [o.s.b.w.s.c.ServletWebServerApplicationContext:290] --  Root WebApplicationContext: initialization completed in 1605 ms  
[2021-12-22 14:19:32.167] [32m[           main][0;39m [34mINFO [0;39m [c.z.hikari.HikariDataSource:110] --  HikariPool-1 - Starting...  
[2021-12-22 14:19:32.257] [32m[           main][0;39m [34mINFO [0;39m [c.z.hikari.HikariDataSource:123] --  HikariPool-1 - Start completed.  
[2021-12-22 14:19:32.261] [32m[           main][0;39m [34mINFO [0;39m [o.s.b.a.h.H2ConsoleAutoConfiguration:68] --  H2 console available at '/h2-console'. Database available at 'jdbc:h2:mem:testdb'  
[2021-12-22 14:19:32.417] [32m[           main][0;39m [34mINFO [0;39m [o.h.j.internal.util.LogHelper:31] --  HHH000204: Processing PersistenceUnitInfo [name: default]  
[2021-12-22 14:19:32.441] [32m[           main][0;39m [34mINFO [0;39m [org.hibernate.Version:44] --  HHH000412: Hibernate ORM core version 5.4.32.Final  
[2021-12-22 14:19:32.514] [32m[           main][0;39m [34mINFO [0;39m [o.h.annotations.common.Version:56] --  HCANN000001: Hibernate Commons Annotations {5.1.2.Final}  
[2021-12-22 14:19:32.575] [32m[           main][0;39m [34mINFO [0;39m [org.hibernate.dialect.Dialect:175] --  HHH000400: Using dialect: org.hibernate.dialect.H2Dialect  
[2021-12-22 14:19:33.457] [32m[           main][0;39m [34mINFO [0;39m [o.h.e.t.j.p.i.JtaPlatformInitiator:52] --  HHH000490: Using JtaPlatform implementation: [org.hibernate.engine.transaction.jta.platform.internal.NoJtaPlatform]  
[2021-12-22 14:19:33.465] [32m[           main][0;39m [34mINFO [0;39m [o.s.o.j.LocalContainerEntityManagerFactoryBean:437] --  Initialized JPA EntityManagerFactory for persistence unit 'default'  
[2021-12-22 14:19:34.176] [32m[           main][0;39m [31mWARN [0;39m [o.s.b.a.o.j.JpaBaseConfiguration$JpaWebConfiguration:219] --  spring.jpa.open-in-view is enabled by default. Therefore, database queries may be performed during view rendering. Explicitly configure spring.jpa.open-in-view to disable this warning  
[2021-12-22 14:19:34.351] [32m[           main][0;39m [34mINFO [0;39m [o.s.s.w.DefaultSecurityFilterChain:51] --  Will secure any request with [org.springframework.security.web.context.request.async.WebAsyncManagerIntegrationFilter@58ac0823, org.springframework.security.web.context.SecurityContextPersistenceFilter@7b8d6c66, org.springframework.security.web.header.HeaderWriterFilter@69d902f9, org.springframework.security.web.authentication.logout.LogoutFilter@22bfd4b, site.bbichul.controller.JwtAuthenticationFilter@13d10057, org.springframework.security.web.savedrequest.RequestCacheAwareFilter@30ed4034, org.springframework.security.web.servletapi.SecurityContextHolderAwareRequestFilter@38caad07, org.springframework.security.web.authentication.AnonymousAuthenticationFilter@2d705998, org.springframework.security.web.session.SessionManagementFilter@4153a832, org.springframework.security.web.access.ExceptionTranslationFilter@2de7fe0e, org.springframework.security.web.access.intercept.FilterSecurityInterceptor@4790b897]  
[2021-12-22 14:19:35.654] [32m[           main][0;39m [34mINFO [0;39m [o.a.c.http11.Http11NioProtocol:173] --  Starting ProtocolHandler ["http-nio-8080"]  
[2021-12-22 14:19:35.684] [32m[           main][0;39m [34mINFO [0;39m [o.s.b.w.e.t.TomcatWebServer:220] --  Tomcat started on port(s): 8080 (http) with context path ''  
[2021-12-22 14:19:35.711] [32m[           main][0;39m [34mINFO [0;39m [s.bbichul.BbichulApplication:61] --  Started BbichulApplication in 7.407 seconds (JVM running for 8.38)  
[2021-12-22 14:19:52.438] [32m[ionShutdownHook][0;39m [34mINFO [0;39m [o.s.o.j.LocalContainerEntityManagerFactoryBean:651] --  Closing JPA EntityManagerFactory for persistence unit 'default'  
[2021-12-22 14:19:52.441] [32m[ionShutdownHook][0;39m [34mINFO [0;39m [o.h.t.s.i.SchemaDropperImpl$DelayedDropActionImpl:526] --  HHH000477: Starting delayed evictData of schema as part of SessionFactory shut-down'  
[2021-12-22 14:19:52.469] [32m[ionShutdownHook][0;39m [34mINFO [0;39m [c.z.hikari.HikariDataSource:350] --  HikariPool-1 - Shutdown initiated...  
[2021-12-22 14:19:52.479] [32m[ionShutdownHook][0;39m [34mINFO [0;39m [c.z.hikari.HikariDataSource:352] --  HikariPool-1 - Shutdown completed.  
