[09:01:17.992] [           main] [INFO ] [s.bbichul.BbichulApplication:670] --  No active profile set, falling back to default profiles: default  
[09:01:23.646] [           main] [INFO ] [s.bbichul.BbichulApplication:61] --  Started BbichulApplication in 9.254 seconds (JVM running for 10.29)  
[10:55:33.227] [           main] [INFO ] [s.bbichul.BbichulApplication:670] --  No active profile set, falling back to default profiles: default  
[10:55:40.241] [           main] [INFO ] [s.bbichul.BbichulApplication:61] --  Started BbichulApplication in 9.55 seconds (JVM running for 10.286)  
[14:10:32.527] [           main] [INFO ] [s.bbichul.BbichulApplication:670] --  No active profile set, falling back to default profiles: default  
[14:10:37.595] [           main] [INFO ] [s.bbichul.BbichulApplication:61] --  Started BbichulApplication in 8.038 seconds (JVM running for 8.602)  
[14:59:16.912] [           main] [INFO ] [s.bbichul.BbichulApplication:670] --  No active profile set, falling back to default profiles: default  
[14:59:21.622] [           main] [INFO ] [s.bbichul.BbichulApplication:61] --  Started BbichulApplication in 7.085 seconds (JVM running for 7.83)  
[15:10:21.180] [           main] [INFO ] [s.bbichul.BbichulApplication:670] --  No active profile set, falling back to default profiles: default  
[15:10:26.325] [           main] [INFO ] [s.bbichul.BbichulApplication:61] --  Started BbichulApplication in 7.526 seconds (JVM running for 8.198)  
[15:43:00.848] [           main] [INFO ] [s.bbichul.BbichulApplication:670] --  No active profile set, falling back to default profiles: default  
[15:43:06.304] [           main] [INFO ] [s.bbichul.BbichulApplication:61] --  Started BbichulApplication in 7.879 seconds (JVM running for 8.606)  
[15:54:56.590] [nio-8080-exec-5] [WARN ] [s.b.c.JwtAuthenticationFilter:45] --  the token is expired and not valid anymore  
io.jsonwebtoken.ExpiredJwtException: JWT expired at 2021-12-22T22:12:31Z. Current time: 2021-12-23T15:54:56Z, a difference of 63745589 milliseconds.  Allowed clock skew: 0 milliseconds.
	at io.jsonwebtoken.impl.DefaultJwtParser.parse(DefaultJwtParser.java:385)
	at io.jsonwebtoken.impl.DefaultJwtParser.parse(DefaultJwtParser.java:481)
	at io.jsonwebtoken.impl.DefaultJwtParser.parseClaimsJws(DefaultJwtParser.java:541)
	at site.bbichul.utills.JwtTokenUtil.getAllClaimsFromToken(JwtTokenUtil.java:42)
	at site.bbichul.utills.JwtTokenUtil.getClaimFromToken(JwtTokenUtil.java:37)
	at site.bbichul.utills.JwtTokenUtil.getUsernameFromToken(JwtTokenUtil.java:28)
	at site.bbichul.controller.JwtAuthenticationFilter.doFilterInternal(JwtAuthenticationFilter.java:41)
	at org.springframework.web.filter.OncePerRequestFilter.doFilter(OncePerRequestFilter.java:119)
	at org.springframework.security.web.FilterChainProxy$VirtualFilterChain.doFilter(FilterChainProxy.java:336)
	at org.springframework.security.web.authentication.logout.LogoutFilter.doFilter(LogoutFilter.java:103)
	at org.springframework.security.web.authentication.logout.LogoutFilter.doFilter(LogoutFilter.java:89)
	at org.springframework.security.web.FilterChainProxy$VirtualFilterChain.doFilter(FilterChainProxy.java:336)
	at org.springframework.security.web.header.HeaderWriterFilter.doHeadersAfter(HeaderWriterFilter.java:90)
	at org.springframework.security.web.header.HeaderWriterFilter.doFilterInternal(HeaderWriterFilter.java:75)
	at org.springframework.web.filter.OncePerRequestFilter.doFilter(OncePerRequestFilter.java:119)
	at org.springframework.security.web.FilterChainProxy$VirtualFilterChain.doFilter(FilterChainProxy.java:336)
	at org.springframework.security.web.context.SecurityContextPersistenceFilter.doFilter(SecurityContextPersistenceFilter.java:110)
	at org.springframework.security.web.context.SecurityContextPersistenceFilter.doFilter(SecurityContextPersistenceFilter.java:80)
	at org.springframework.security.web.FilterChainProxy$VirtualFilterChain.doFilter(FilterChainProxy.java:336)
	at org.springframework.security.web.context.request.async.WebAsyncManagerIntegrationFilter.doFilterInternal(WebAsyncManagerIntegrationFilter.java:55)
	at org.springframework.web.filter.OncePerRequestFilter.doFilter(OncePerRequestFilter.java:119)
	at org.springframework.security.web.FilterChainProxy$VirtualFilterChain.doFilter(FilterChainProxy.java:336)
	at org.springframework.security.web.FilterChainProxy.doFilterInternal(FilterChainProxy.java:211)
	at org.springframework.security.web.FilterChainProxy.doFilter(FilterChainProxy.java:183)
	at org.springframework.web.filter.DelegatingFilterProxy.invokeDelegate(DelegatingFilterProxy.java:358)
	at org.springframework.web.filter.DelegatingFilterProxy.doFilter(DelegatingFilterProxy.java:271)
	at org.apache.catalina.core.ApplicationFilterChain.internalDoFilter(ApplicationFilterChain.java:189)
	at org.apache.catalina.core.ApplicationFilterChain.doFilter(ApplicationFilterChain.java:162)
	at org.springframework.web.filter.RequestContextFilter.doFilterInternal(RequestContextFilter.java:100)
	at org.springframework.web.filter.OncePerRequestFilter.doFilter(OncePerRequestFilter.java:119)
	at org.apache.catalina.core.ApplicationFilterChain.internalDoFilter(ApplicationFilterChain.java:189)
	at org.apache.catalina.core.ApplicationFilterChain.doFilter(ApplicationFilterChain.java:162)
	at org.springframework.web.filter.FormContentFilter.doFilterInternal(FormContentFilter.java:93)
	at org.springframework.web.filter.OncePerRequestFilter.doFilter(OncePerRequestFilter.java:119)
	at org.apache.catalina.core.ApplicationFilterChain.internalDoFilter(ApplicationFilterChain.java:189)
	at org.apache.catalina.core.ApplicationFilterChain.doFilter(ApplicationFilterChain.java:162)
	at org.springframework.web.filter.CharacterEncodingFilter.doFilterInternal(CharacterEncodingFilter.java:201)
	at org.springframework.web.filter.OncePerRequestFilter.doFilter(OncePerRequestFilter.java:119)
	at org.apache.catalina.core.ApplicationFilterChain.internalDoFilter(ApplicationFilterChain.java:189)
	at org.apache.catalina.core.ApplicationFilterChain.doFilter(ApplicationFilterChain.java:162)
	at org.apache.catalina.core.StandardWrapperValve.invoke(StandardWrapperValve.java:197)
	at org.apache.catalina.core.StandardContextValve.invoke(StandardContextValve.java:97)
	at org.apache.catalina.authenticator.AuthenticatorBase.invoke(AuthenticatorBase.java:540)
	at org.apache.catalina.core.StandardHostValve.invoke(StandardHostValve.java:135)
	at org.apache.catalina.valves.ErrorReportValve.invoke(ErrorReportValve.java:92)
	at org.apache.catalina.core.StandardEngineValve.invoke(StandardEngineValve.java:78)
	at org.apache.catalina.connector.CoyoteAdapter.service(CoyoteAdapter.java:357)
	at org.apache.coyote.http11.Http11Processor.service(Http11Processor.java:382)
	at org.apache.coyote.AbstractProcessorLight.process(AbstractProcessorLight.java:65)
	at org.apache.coyote.AbstractProtocol$ConnectionHandler.process(AbstractProtocol.java:895)
	at org.apache.tomcat.util.net.NioEndpoint$SocketProcessor.doRun(NioEndpoint.java:1722)
	at org.apache.tomcat.util.net.SocketProcessorBase.run(SocketProcessorBase.java:49)
	at org.apache.tomcat.util.threads.ThreadPoolExecutor.runWorker(ThreadPoolExecutor.java:1191)
	at org.apache.tomcat.util.threads.ThreadPoolExecutor$Worker.run(ThreadPoolExecutor.java:659)
	at org.apache.tomcat.util.threads.TaskThread$WrappingRunnable.run(TaskThread.java:61)
	at java.lang.Thread.run(Thread.java:748)
[15:57:49.611] [           main] [INFO ] [s.bbichul.BbichulApplication:670] --  No active profile set, falling back to default profiles: default  
[15:57:54.840] [           main] [INFO ] [s.bbichul.BbichulApplication:61] --  Started BbichulApplication in 7.291 seconds (JVM running for 7.952)  
