[11:51:07.386] [           main] [INFO ] [s.bbichul.BbichulApplication:670] --  No active profile set, falling back to default profiles: default  
[11:51:13.611] [           main] [INFO ] [s.bbichul.BbichulApplication:61] --  Started BbichulApplication in 8.677 seconds (JVM running for 9.472)  
[11:52:12.253] [nio-8080-exec-7] [INFO ] [s.b.c.UserApiController:46] --  [USER : test4] Request POST /api/users/signup HTTP/1.1  
[11:52:17.459] [nio-8080-exec-2] [WARN ] [s.b.c.JwtAuthenticationFilter:45] --  the token is expired and not valid anymore  
io.jsonwebtoken.ExpiredJwtException: JWT expired at 2021-12-28T20:10:36Z. Current time: 2021-12-29T11:52:17Z, a difference of 56501456 milliseconds.  Allowed clock skew: 0 milliseconds.
	at io.jsonwebtoken.impl.DefaultJwtParser.parse(DefaultJwtParser.java:385)
	at io.jsonwebtoken.impl.DefaultJwtParser.parse(DefaultJwtParser.java:481)
	at io.jsonwebtoken.impl.DefaultJwtParser.parseClaimsJws(DefaultJwtParser.java:541)
	at site.bbichul.utills.JwtTokenUtil.getAllClaimsFromToken(JwtTokenUtil.java:42)
	at site.bbichul.utills.JwtTokenUtil.getClaimFromToken(JwtTokenUtil.java:37)
	at site.bbichul.utills.JwtTokenUtil.getUsernameFromToken(JwtTokenUtil.java:28)
	at site.bbichul.controller.JwtAuthenticationFilter.doFilterInternal(JwtAuthenticationFilter.java:41)
	at org.springframework.web.filter.OncePerRequestFilter.doFilter(OncePerRequestFilter.java:119)
	at org.springframework.security.web.FilterChainProxy$VirtualFilterChain.doFilter(FilterChainProxy.java:336)
	at org.springframework.security.web.authentication.logout.LogoutFilter.doFilter(LogoutFilter.java:103)
	at org.springframework.security.web.authentication.logout.LogoutFilter.doFilter(LogoutFilter.java:89)
	at org.springframework.security.web.FilterChainProxy$VirtualFilterChain.doFilter(FilterChainProxy.java:336)
	at org.springframework.security.web.header.HeaderWriterFilter.doHeadersAfter(HeaderWriterFilter.java:90)
	at org.springframework.security.web.header.HeaderWriterFilter.doFilterInternal(HeaderWriterFilter.java:75)
	at org.springframework.web.filter.OncePerRequestFilter.doFilter(OncePerRequestFilter.java:119)
	at org.springframework.security.web.FilterChainProxy$VirtualFilterChain.doFilter(FilterChainProxy.java:336)
	at org.springframework.security.web.context.SecurityContextPersistenceFilter.doFilter(SecurityContextPersistenceFilter.java:110)
	at org.springframework.security.web.context.SecurityContextPersistenceFilter.doFilter(SecurityContextPersistenceFilter.java:80)
	at org.springframework.security.web.FilterChainProxy$VirtualFilterChain.doFilter(FilterChainProxy.java:336)
	at org.springframework.security.web.context.request.async.WebAsyncManagerIntegrationFilter.doFilterInternal(WebAsyncManagerIntegrationFilter.java:55)
	at org.springframework.web.filter.OncePerRequestFilter.doFilter(OncePerRequestFilter.java:119)
	at org.springframework.security.web.FilterChainProxy$VirtualFilterChain.doFilter(FilterChainProxy.java:336)
	at org.springframework.security.web.FilterChainProxy.doFilterInternal(FilterChainProxy.java:211)
	at org.springframework.security.web.FilterChainProxy.doFilter(FilterChainProxy.java:183)
	at org.springframework.web.filter.DelegatingFilterProxy.invokeDelegate(DelegatingFilterProxy.java:358)
	at org.springframework.web.filter.DelegatingFilterProxy.doFilter(DelegatingFilterProxy.java:271)
	at org.apache.catalina.core.ApplicationFilterChain.internalDoFilter(ApplicationFilterChain.java:189)
	at org.apache.catalina.core.ApplicationFilterChain.doFilter(ApplicationFilterChain.java:162)
	at org.springframework.web.filter.RequestContextFilter.doFilterInternal(RequestContextFilter.java:100)
	at org.springframework.web.filter.OncePerRequestFilter.doFilter(OncePerRequestFilter.java:119)
	at org.apache.catalina.core.ApplicationFilterChain.internalDoFilter(ApplicationFilterChain.java:189)
	at org.apache.catalina.core.ApplicationFilterChain.doFilter(ApplicationFilterChain.java:162)
	at org.springframework.web.filter.FormContentFilter.doFilterInternal(FormContentFilter.java:93)
	at org.springframework.web.filter.OncePerRequestFilter.doFilter(OncePerRequestFilter.java:119)
	at org.apache.catalina.core.ApplicationFilterChain.internalDoFilter(ApplicationFilterChain.java:189)
	at org.apache.catalina.core.ApplicationFilterChain.doFilter(ApplicationFilterChain.java:162)
	at org.springframework.web.filter.CharacterEncodingFilter.doFilterInternal(CharacterEncodingFilter.java:201)
	at org.springframework.web.filter.OncePerRequestFilter.doFilter(OncePerRequestFilter.java:119)
	at org.apache.catalina.core.ApplicationFilterChain.internalDoFilter(ApplicationFilterChain.java:189)
	at org.apache.catalina.core.ApplicationFilterChain.doFilter(ApplicationFilterChain.java:162)
	at org.apache.catalina.core.StandardWrapperValve.invoke(StandardWrapperValve.java:197)
	at org.apache.catalina.core.StandardContextValve.invoke(StandardContextValve.java:97)
	at org.apache.catalina.authenticator.AuthenticatorBase.invoke(AuthenticatorBase.java:540)
	at org.apache.catalina.core.StandardHostValve.invoke(StandardHostValve.java:135)
	at org.apache.catalina.valves.ErrorReportValve.invoke(ErrorReportValve.java:92)
	at org.apache.catalina.core.StandardEngineValve.invoke(StandardEngineValve.java:78)
	at org.apache.catalina.connector.CoyoteAdapter.service(CoyoteAdapter.java:357)
	at org.apache.coyote.http11.Http11Processor.service(Http11Processor.java:382)
	at org.apache.coyote.AbstractProcessorLight.process(AbstractProcessorLight.java:65)
	at org.apache.coyote.AbstractProtocol$ConnectionHandler.process(AbstractProtocol.java:895)
	at org.apache.tomcat.util.net.NioEndpoint$SocketProcessor.doRun(NioEndpoint.java:1722)
	at org.apache.tomcat.util.net.SocketProcessorBase.run(SocketProcessorBase.java:49)
	at org.apache.tomcat.util.threads.ThreadPoolExecutor.runWorker(ThreadPoolExecutor.java:1191)
	at org.apache.tomcat.util.threads.ThreadPoolExecutor$Worker.run(ThreadPoolExecutor.java:659)
	at org.apache.tomcat.util.threads.TaskThread$WrappingRunnable.run(TaskThread.java:61)
	at java.lang.Thread.run(Thread.java:748)
[11:52:29.482] [nio-8080-exec-9] [INFO ] [s.b.c.JwtAuthenticationFilter:60] --  authenticated user test4, setting security context  
[11:52:29.490] [nio-8080-exec-9] [INFO ] [s.b.c.CalendarController:29] --  [USER : test4 ] Request GET /api/calendars/info HTTP/1.1  
[11:52:35.113] [nio-8080-exec-8] [WARN ] [s.b.c.JwtAuthenticationFilter:45] --  the token is expired and not valid anymore  
io.jsonwebtoken.ExpiredJwtException: JWT expired at 2021-12-28T20:10:36Z. Current time: 2021-12-29T11:52:35Z, a difference of 56519110 milliseconds.  Allowed clock skew: 0 milliseconds.
	at io.jsonwebtoken.impl.DefaultJwtParser.parse(DefaultJwtParser.java:385)
	at io.jsonwebtoken.impl.DefaultJwtParser.parse(DefaultJwtParser.java:481)
	at io.jsonwebtoken.impl.DefaultJwtParser.parseClaimsJws(DefaultJwtParser.java:541)
	at site.bbichul.utills.JwtTokenUtil.getAllClaimsFromToken(JwtTokenUtil.java:42)
	at site.bbichul.utills.JwtTokenUtil.getClaimFromToken(JwtTokenUtil.java:37)
	at site.bbichul.utills.JwtTokenUtil.getUsernameFromToken(JwtTokenUtil.java:28)
	at site.bbichul.controller.JwtAuthenticationFilter.doFilterInternal(JwtAuthenticationFilter.java:41)
	at org.springframework.web.filter.OncePerRequestFilter.doFilter(OncePerRequestFilter.java:119)
	at org.springframework.security.web.FilterChainProxy$VirtualFilterChain.doFilter(FilterChainProxy.java:336)
	at org.springframework.security.web.authentication.logout.LogoutFilter.doFilter(LogoutFilter.java:103)
	at org.springframework.security.web.authentication.logout.LogoutFilter.doFilter(LogoutFilter.java:89)
	at org.springframework.security.web.FilterChainProxy$VirtualFilterChain.doFilter(FilterChainProxy.java:336)
	at org.springframework.security.web.header.HeaderWriterFilter.doHeadersAfter(HeaderWriterFilter.java:90)
	at org.springframework.security.web.header.HeaderWriterFilter.doFilterInternal(HeaderWriterFilter.java:75)
	at org.springframework.web.filter.OncePerRequestFilter.doFilter(OncePerRequestFilter.java:119)
	at org.springframework.security.web.FilterChainProxy$VirtualFilterChain.doFilter(FilterChainProxy.java:336)
	at org.springframework.security.web.context.SecurityContextPersistenceFilter.doFilter(SecurityContextPersistenceFilter.java:110)
	at org.springframework.security.web.context.SecurityContextPersistenceFilter.doFilter(SecurityContextPersistenceFilter.java:80)
	at org.springframework.security.web.FilterChainProxy$VirtualFilterChain.doFilter(FilterChainProxy.java:336)
	at org.springframework.security.web.context.request.async.WebAsyncManagerIntegrationFilter.doFilterInternal(WebAsyncManagerIntegrationFilter.java:55)
	at org.springframework.web.filter.OncePerRequestFilter.doFilter(OncePerRequestFilter.java:119)
	at org.springframework.security.web.FilterChainProxy$VirtualFilterChain.doFilter(FilterChainProxy.java:336)
	at org.springframework.security.web.FilterChainProxy.doFilterInternal(FilterChainProxy.java:211)
	at org.springframework.security.web.FilterChainProxy.doFilter(FilterChainProxy.java:183)
	at org.springframework.web.filter.DelegatingFilterProxy.invokeDelegate(DelegatingFilterProxy.java:358)
	at org.springframework.web.filter.DelegatingFilterProxy.doFilter(DelegatingFilterProxy.java:271)
	at org.apache.catalina.core.ApplicationFilterChain.internalDoFilter(ApplicationFilterChain.java:189)
	at org.apache.catalina.core.ApplicationFilterChain.doFilter(ApplicationFilterChain.java:162)
	at org.springframework.web.filter.RequestContextFilter.doFilterInternal(RequestContextFilter.java:100)
	at org.springframework.web.filter.OncePerRequestFilter.doFilter(OncePerRequestFilter.java:119)
	at org.apache.catalina.core.ApplicationFilterChain.internalDoFilter(ApplicationFilterChain.java:189)
	at org.apache.catalina.core.ApplicationFilterChain.doFilter(ApplicationFilterChain.java:162)
	at org.springframework.web.filter.FormContentFilter.doFilterInternal(FormContentFilter.java:93)
	at org.springframework.web.filter.OncePerRequestFilter.doFilter(OncePerRequestFilter.java:119)
	at org.apache.catalina.core.ApplicationFilterChain.internalDoFilter(ApplicationFilterChain.java:189)
	at org.apache.catalina.core.ApplicationFilterChain.doFilter(ApplicationFilterChain.java:162)
	at org.springframework.web.filter.CharacterEncodingFilter.doFilterInternal(CharacterEncodingFilter.java:201)
	at org.springframework.web.filter.OncePerRequestFilter.doFilter(OncePerRequestFilter.java:119)
	at org.apache.catalina.core.ApplicationFilterChain.internalDoFilter(ApplicationFilterChain.java:189)
	at org.apache.catalina.core.ApplicationFilterChain.doFilter(ApplicationFilterChain.java:162)
	at org.apache.catalina.core.StandardWrapperValve.invoke(StandardWrapperValve.java:197)
	at org.apache.catalina.core.StandardContextValve.invoke(StandardContextValve.java:97)
	at org.apache.catalina.authenticator.AuthenticatorBase.invoke(AuthenticatorBase.java:540)
	at org.apache.catalina.core.StandardHostValve.invoke(StandardHostValve.java:135)
	at org.apache.catalina.valves.ErrorReportValve.invoke(ErrorReportValve.java:92)
	at org.apache.catalina.core.StandardEngineValve.invoke(StandardEngineValve.java:78)
	at org.apache.catalina.connector.CoyoteAdapter.service(CoyoteAdapter.java:357)
	at org.apache.coyote.http11.Http11Processor.service(Http11Processor.java:382)
	at org.apache.coyote.AbstractProcessorLight.process(AbstractProcessorLight.java:65)
	at org.apache.coyote.AbstractProtocol$ConnectionHandler.process(AbstractProtocol.java:895)
	at org.apache.tomcat.util.net.NioEndpoint$SocketProcessor.doRun(NioEndpoint.java:1722)
	at org.apache.tomcat.util.net.SocketProcessorBase.run(SocketProcessorBase.java:49)
	at org.apache.tomcat.util.threads.ThreadPoolExecutor.runWorker(ThreadPoolExecutor.java:1191)
	at org.apache.tomcat.util.threads.ThreadPoolExecutor$Worker.run(ThreadPoolExecutor.java:659)
	at org.apache.tomcat.util.threads.TaskThread$WrappingRunnable.run(TaskThread.java:61)
	at java.lang.Thread.run(Thread.java:748)
[11:52:48.871] [nio-8080-exec-2] [INFO ] [s.b.c.JwtAuthenticationFilter:60] --  authenticated user test4, setting security context  
[11:52:48.877] [nio-8080-exec-2] [INFO ] [s.b.c.CalendarController:37] --  [USER : test4] Request PUT /api/calendars/memo HTTP/1.1  
[11:52:48.935] [nio-8080-exec-2] [INFO ] [s.b.service.CalendarService:81] --  Service saveMemo, CalendarId : 1, date : 2021Y12M8  
[11:52:51.672] [nio-8080-exec-9] [INFO ] [s.b.c.JwtAuthenticationFilter:60] --  authenticated user test4, setting security context  
[11:52:51.674] [nio-8080-exec-9] [INFO ] [s.b.c.CalendarController:29] --  [USER : test4 ] Request GET /api/calendars/info HTTP/1.1  
[11:53:30.202] [nio-8080-exec-8] [WARN ] [s.b.c.JwtAuthenticationFilter:45] --  the token is expired and not valid anymore  
io.jsonwebtoken.ExpiredJwtException: JWT expired at 2021-12-22T19:30:53Z. Current time: 2021-12-29T11:53:30Z, a difference of 577357201 milliseconds.  Allowed clock skew: 0 milliseconds.
	at io.jsonwebtoken.impl.DefaultJwtParser.parse(DefaultJwtParser.java:385)
	at io.jsonwebtoken.impl.DefaultJwtParser.parse(DefaultJwtParser.java:481)
	at io.jsonwebtoken.impl.DefaultJwtParser.parseClaimsJws(DefaultJwtParser.java:541)
	at site.bbichul.utills.JwtTokenUtil.getAllClaimsFromToken(JwtTokenUtil.java:42)
	at site.bbichul.utills.JwtTokenUtil.getClaimFromToken(JwtTokenUtil.java:37)
	at site.bbichul.utills.JwtTokenUtil.getUsernameFromToken(JwtTokenUtil.java:28)
	at site.bbichul.controller.JwtAuthenticationFilter.doFilterInternal(JwtAuthenticationFilter.java:41)
	at org.springframework.web.filter.OncePerRequestFilter.doFilter(OncePerRequestFilter.java:119)
	at org.springframework.security.web.FilterChainProxy$VirtualFilterChain.doFilter(FilterChainProxy.java:336)
	at org.springframework.security.web.authentication.logout.LogoutFilter.doFilter(LogoutFilter.java:103)
	at org.springframework.security.web.authentication.logout.LogoutFilter.doFilter(LogoutFilter.java:89)
	at org.springframework.security.web.FilterChainProxy$VirtualFilterChain.doFilter(FilterChainProxy.java:336)
	at org.springframework.security.web.header.HeaderWriterFilter.doHeadersAfter(HeaderWriterFilter.java:90)
	at org.springframework.security.web.header.HeaderWriterFilter.doFilterInternal(HeaderWriterFilter.java:75)
	at org.springframework.web.filter.OncePerRequestFilter.doFilter(OncePerRequestFilter.java:119)
	at org.springframework.security.web.FilterChainProxy$VirtualFilterChain.doFilter(FilterChainProxy.java:336)
	at org.springframework.security.web.context.SecurityContextPersistenceFilter.doFilter(SecurityContextPersistenceFilter.java:110)
	at org.springframework.security.web.context.SecurityContextPersistenceFilter.doFilter(SecurityContextPersistenceFilter.java:80)
	at org.springframework.security.web.FilterChainProxy$VirtualFilterChain.doFilter(FilterChainProxy.java:336)
	at org.springframework.security.web.context.request.async.WebAsyncManagerIntegrationFilter.doFilterInternal(WebAsyncManagerIntegrationFilter.java:55)
	at org.springframework.web.filter.OncePerRequestFilter.doFilter(OncePerRequestFilter.java:119)
	at org.springframework.security.web.FilterChainProxy$VirtualFilterChain.doFilter(FilterChainProxy.java:336)
	at org.springframework.security.web.FilterChainProxy.doFilterInternal(FilterChainProxy.java:211)
	at org.springframework.security.web.FilterChainProxy.doFilter(FilterChainProxy.java:183)
	at org.springframework.web.filter.DelegatingFilterProxy.invokeDelegate(DelegatingFilterProxy.java:358)
	at org.springframework.web.filter.DelegatingFilterProxy.doFilter(DelegatingFilterProxy.java:271)
	at org.apache.catalina.core.ApplicationFilterChain.internalDoFilter(ApplicationFilterChain.java:189)
	at org.apache.catalina.core.ApplicationFilterChain.doFilter(ApplicationFilterChain.java:162)
	at org.springframework.web.filter.RequestContextFilter.doFilterInternal(RequestContextFilter.java:100)
	at org.springframework.web.filter.OncePerRequestFilter.doFilter(OncePerRequestFilter.java:119)
	at org.apache.catalina.core.ApplicationFilterChain.internalDoFilter(ApplicationFilterChain.java:189)
	at org.apache.catalina.core.ApplicationFilterChain.doFilter(ApplicationFilterChain.java:162)
	at org.springframework.web.filter.FormContentFilter.doFilterInternal(FormContentFilter.java:93)
	at org.springframework.web.filter.OncePerRequestFilter.doFilter(OncePerRequestFilter.java:119)
	at org.apache.catalina.core.ApplicationFilterChain.internalDoFilter(ApplicationFilterChain.java:189)
	at org.apache.catalina.core.ApplicationFilterChain.doFilter(ApplicationFilterChain.java:162)
	at org.springframework.web.filter.CharacterEncodingFilter.doFilterInternal(CharacterEncodingFilter.java:201)
	at org.springframework.web.filter.OncePerRequestFilter.doFilter(OncePerRequestFilter.java:119)
	at org.apache.catalina.core.ApplicationFilterChain.internalDoFilter(ApplicationFilterChain.java:189)
	at org.apache.catalina.core.ApplicationFilterChain.doFilter(ApplicationFilterChain.java:162)
	at org.apache.catalina.core.StandardWrapperValve.invoke(StandardWrapperValve.java:197)
	at org.apache.catalina.core.StandardContextValve.invoke(StandardContextValve.java:97)
	at org.apache.catalina.authenticator.AuthenticatorBase.invoke(AuthenticatorBase.java:540)
	at org.apache.catalina.core.StandardHostValve.invoke(StandardHostValve.java:135)
	at org.apache.catalina.valves.ErrorReportValve.invoke(ErrorReportValve.java:92)
	at org.apache.catalina.core.StandardEngineValve.invoke(StandardEngineValve.java:78)
	at org.apache.catalina.connector.CoyoteAdapter.service(CoyoteAdapter.java:357)
	at org.apache.coyote.http11.Http11Processor.service(Http11Processor.java:382)
	at org.apache.coyote.AbstractProcessorLight.process(AbstractProcessorLight.java:65)
	at org.apache.coyote.AbstractProtocol$ConnectionHandler.process(AbstractProtocol.java:895)
	at org.apache.tomcat.util.net.NioEndpoint$SocketProcessor.doRun(NioEndpoint.java:1722)
	at org.apache.tomcat.util.net.SocketProcessorBase.run(SocketProcessorBase.java:49)
	at org.apache.tomcat.util.threads.ThreadPoolExecutor.runWorker(ThreadPoolExecutor.java:1191)
	at org.apache.tomcat.util.threads.ThreadPoolExecutor$Worker.run(ThreadPoolExecutor.java:659)
	at org.apache.tomcat.util.threads.TaskThread$WrappingRunnable.run(TaskThread.java:61)
	at java.lang.Thread.run(Thread.java:748)
[11:53:36.218] [nio-8080-exec-1] [INFO ] [s.b.c.JwtAuthenticationFilter:60] --  authenticated user test4, setting security context  
[11:53:36.225] [nio-8080-exec-1] [INFO ] [s.b.c.CalendarController:45] --  [USER : test4] Request GET /api/calendars/memo HTTP/1.1  
[11:55:23.004] [nio-8080-exec-6] [INFO ] [s.b.c.JwtAuthenticationFilter:60] --  authenticated user test4, setting security context  
[11:55:23.011] [nio-8080-exec-6] [INFO ] [s.b.c.CalendarController:37] --  [USER : test4] Request PUT /api/calendars/memo HTTP/1.1  
[11:55:23.035] [nio-8080-exec-6] [INFO ] [s.b.service.CalendarService:77] --  Service updateMemo, CalendarId : 1, date : 2021Y12M8  
[11:55:24.985] [nio-8080-exec-7] [INFO ] [s.b.c.JwtAuthenticationFilter:60] --  authenticated user test4, setting security context  
[11:55:24.997] [nio-8080-exec-7] [INFO ] [s.b.c.CalendarController:29] --  [USER : test4 ] Request GET /api/calendars/info HTTP/1.1  
[11:58:05.521] [nio-8080-exec-4] [INFO ] [s.b.c.JwtAuthenticationFilter:60] --  authenticated user test4, setting security context  
[11:58:05.528] [nio-8080-exec-4] [INFO ] [s.b.c.CalendarController:37] --  [USER : test4] Request PUT /api/calendars/memo HTTP/1.1  
[11:58:05.551] [nio-8080-exec-4] [INFO ] [s.b.service.CalendarService:77] --  Service updateMemo, CalendarId : 1, date : 2021Y12M8  
[11:59:31.282] [nio-8080-exec-9] [INFO ] [s.b.c.JwtAuthenticationFilter:60] --  authenticated user test4, setting security context  
[11:59:31.285] [nio-8080-exec-9] [INFO ] [s.b.c.CalendarController:37] --  [USER : test4] Request PUT /api/calendars/memo HTTP/1.1  
[11:59:31.304] [nio-8080-exec-9] [INFO ] [s.b.service.CalendarService:77] --  Service updateMemo, CalendarId : 1, date : 2021Y12M8  
[11:59:32.050] [nio-8080-exec-4] [INFO ] [s.b.c.JwtAuthenticationFilter:60] --  authenticated user test4, setting security context  
[11:59:32.052] [nio-8080-exec-4] [INFO ] [s.b.c.CalendarController:37] --  [USER : test4] Request PUT /api/calendars/memo HTTP/1.1  
[11:59:32.073] [nio-8080-exec-4] [INFO ] [s.b.service.CalendarService:77] --  Service updateMemo, CalendarId : 1, date : 2021Y12M8  
[11:59:40.187] [nio-8080-exec-5] [INFO ] [s.b.c.JwtAuthenticationFilter:60] --  authenticated user test4, setting security context  
[11:59:40.189] [nio-8080-exec-5] [INFO ] [s.b.c.CalendarController:37] --  [USER : test4] Request PUT /api/calendars/memo HTTP/1.1  
[11:59:40.208] [nio-8080-exec-5] [INFO ] [s.b.service.CalendarService:77] --  Service updateMemo, CalendarId : 1, date : 2021Y12M8  
[11:59:57.602] [io-8080-exec-10] [INFO ] [s.b.c.JwtAuthenticationFilter:60] --  authenticated user test4, setting security context  
[11:59:57.615] [io-8080-exec-10] [INFO ] [s.b.c.CalendarController:37] --  [USER : test4] Request PUT /api/calendars/memo HTTP/1.1  
[11:59:57.652] [io-8080-exec-10] [INFO ] [s.b.service.CalendarService:77] --  Service updateMemo, CalendarId : 1, date : 2021Y12M8  
[12:03:58.365] [           main] [INFO ] [s.bbichul.BbichulApplication:670] --  No active profile set, falling back to default profiles: default  
[12:04:03.807] [           main] [INFO ] [s.bbichul.BbichulApplication:61] --  Started BbichulApplication in 7.912 seconds (JVM running for 8.764)  
[12:04:12.014] [nio-8080-exec-2] [INFO ] [s.b.c.UserApiController:46] --  [USER : test4] Request POST /api/users/signup HTTP/1.1  
[12:04:20.093] [nio-8080-exec-3] [INFO ] [s.b.c.JwtAuthenticationFilter:60] --  authenticated user test4, setting security context  
[12:04:20.101] [nio-8080-exec-3] [INFO ] [s.b.c.CalendarController:29] --  [USER : test4 ] Request GET /api/calendars/info HTTP/1.1  
[12:04:28.189] [nio-8080-exec-4] [INFO ] [s.b.c.JwtAuthenticationFilter:60] --  authenticated user test4, setting security context  
[12:04:28.211] [nio-8080-exec-4] [INFO ] [s.b.c.CalendarController:37] --  [USER : test4] Request PUT /api/calendars/memo HTTP/1.1  
[12:04:28.290] [nio-8080-exec-4] [INFO ] [s.b.service.CalendarService:81] --  Service saveMemo, CalendarId : 1, date : 2021Y12M8  
[12:04:31.163] [nio-8080-exec-5] [INFO ] [s.b.c.JwtAuthenticationFilter:60] --  authenticated user test4, setting security context  
[12:04:31.165] [nio-8080-exec-5] [INFO ] [s.b.c.CalendarController:29] --  [USER : test4 ] Request GET /api/calendars/info HTTP/1.1  
[12:05:39.443] [nio-8080-exec-8] [INFO ] [s.b.c.JwtAuthenticationFilter:60] --  authenticated user test4, setting security context  
[12:05:39.446] [nio-8080-exec-8] [INFO ] [s.b.c.CalendarController:37] --  [USER : test4] Request PUT /api/calendars/memo HTTP/1.1  
[12:05:39.473] [nio-8080-exec-8] [INFO ] [s.b.service.CalendarService:77] --  Service updateMemo, CalendarId : 1, date : 2021Y12M8  
[12:06:19.727] [nio-8080-exec-6] [INFO ] [s.b.c.JwtAuthenticationFilter:60] --  authenticated user test4, setting security context  
[12:06:19.737] [nio-8080-exec-6] [INFO ] [s.b.c.CalendarController:37] --  [USER : test4] Request PUT /api/calendars/memo HTTP/1.1  
[12:06:19.765] [nio-8080-exec-6] [INFO ] [s.b.service.CalendarService:77] --  Service updateMemo, CalendarId : 1, date : 2021Y12M8  
[12:12:26.085] [           main] [INFO ] [s.bbichul.BbichulApplication:670] --  No active profile set, falling back to default profiles: default  
[12:12:31.759] [           main] [INFO ] [s.bbichul.BbichulApplication:61] --  Started BbichulApplication in 8.012 seconds (JVM running for 8.856)  
[12:12:39.546] [nio-8080-exec-1] [INFO ] [s.b.c.UserApiController:46] --  [USER : test4] Request POST /api/users/signup HTTP/1.1  
[12:12:42.022] [nio-8080-exec-3] [INFO ] [s.b.c.JwtAuthenticationFilter:60] --  authenticated user test4, setting security context  
[12:12:42.031] [nio-8080-exec-3] [INFO ] [s.b.c.CalendarController:29] --  [USER : test4 ] Request GET /api/calendars/info HTTP/1.1  
[12:12:58.332] [nio-8080-exec-4] [INFO ] [s.b.c.JwtAuthenticationFilter:60] --  authenticated user test4, setting security context  
[12:12:58.356] [nio-8080-exec-4] [INFO ] [s.b.c.CalendarController:37] --  [USER : test4] Request PUT /api/calendars/memo HTTP/1.1  
[12:12:58.438] [nio-8080-exec-4] [INFO ] [s.b.service.CalendarService:82] --  Service saveMemo, CalendarId : 1, date : 2021Y12M8  
[12:13:57.434] [nio-8080-exec-6] [INFO ] [s.b.c.JwtAuthenticationFilter:60] --  authenticated user test4, setting security context  
[12:13:57.443] [nio-8080-exec-6] [INFO ] [s.b.c.CalendarController:37] --  [USER : test4] Request PUT /api/calendars/memo HTTP/1.1  
[12:13:57.478] [nio-8080-exec-6] [INFO ] [s.b.service.CalendarService:78] --  Service updateMemo, CalendarId : 1, date : 2021Y12M8  
[12:16:30.909] [           main] [INFO ] [s.bbichul.BbichulApplication:670] --  No active profile set, falling back to default profiles: default  
[12:16:36.873] [           main] [INFO ] [s.bbichul.BbichulApplication:61] --  Started BbichulApplication in 8.524 seconds (JVM running for 9.707)  
[12:16:44.252] [nio-8080-exec-1] [INFO ] [s.b.c.UserApiController:46] --  [USER : test4] Request POST /api/users/signup HTTP/1.1  
[12:16:46.950] [nio-8080-exec-3] [INFO ] [s.b.c.JwtAuthenticationFilter:60] --  authenticated user test4, setting security context  
[12:16:46.958] [nio-8080-exec-3] [INFO ] [s.b.c.CalendarController:29] --  [USER : test4 ] Request GET /api/calendars/info HTTP/1.1  
[12:16:49.815] [nio-8080-exec-4] [INFO ] [s.b.c.JwtAuthenticationFilter:60] --  authenticated user test4, setting security context  
[12:16:49.832] [nio-8080-exec-4] [INFO ] [s.b.c.CalendarController:37] --  [USER : test4] Request PUT /api/calendars/memo HTTP/1.1  
[12:16:49.911] [nio-8080-exec-4] [INFO ] [s.b.service.CalendarService:82] --  Service saveMemo, CalendarId : 1, date : 2021Y12M8  
[12:16:54.050] [nio-8080-exec-5] [INFO ] [s.b.c.JwtAuthenticationFilter:60] --  authenticated user test4, setting security context  
[12:16:54.052] [nio-8080-exec-5] [INFO ] [s.b.c.CalendarController:37] --  [USER : test4] Request PUT /api/calendars/memo HTTP/1.1  
[12:17:51.056] [nio-8080-exec-5] [INFO ] [s.b.service.CalendarService:78] --  Service updateMemo, CalendarId : 1, date : 2021Y12M8  
[12:19:16.828] [           main] [INFO ] [s.bbichul.BbichulApplication:670] --  No active profile set, falling back to default profiles: default  
[12:19:22.195] [           main] [INFO ] [s.bbichul.BbichulApplication:61] --  Started BbichulApplication in 7.621 seconds (JVM running for 8.457)  
[12:19:30.191] [nio-8080-exec-1] [INFO ] [s.b.c.UserApiController:46] --  [USER : test4] Request POST /api/users/signup HTTP/1.1  
[12:19:37.253] [nio-8080-exec-3] [INFO ] [s.b.c.JwtAuthenticationFilter:60] --  authenticated user test4, setting security context  
[12:19:37.266] [nio-8080-exec-3] [INFO ] [s.b.c.CalendarController:29] --  [USER : test4 ] Request GET /api/calendars/info HTTP/1.1  
[12:19:44.890] [nio-8080-exec-4] [INFO ] [s.b.c.JwtAuthenticationFilter:60] --  authenticated user test4, setting security context  
[12:19:44.898] [nio-8080-exec-4] [INFO ] [s.b.c.CalendarController:37] --  [USER : test4] Request PUT /api/calendars/memo HTTP/1.1  
[12:19:44.950] [nio-8080-exec-4] [INFO ] [s.b.service.CalendarService:82] --  Service saveMemo, CalendarId : 1, date : 2021Y12M8  
[12:19:53.271] [nio-8080-exec-5] [INFO ] [s.b.c.JwtAuthenticationFilter:60] --  authenticated user test4, setting security context  
[12:19:53.274] [nio-8080-exec-5] [INFO ] [s.b.c.CalendarController:37] --  [USER : test4] Request PUT /api/calendars/memo HTTP/1.1  
[12:19:53.303] [nio-8080-exec-5] [INFO ] [s.b.service.CalendarService:78] --  Service updateMemo, CalendarId : 1, date : 2021Y12M8  
[12:20:54.009] [nio-8080-exec-7] [INFO ] [s.b.c.JwtAuthenticationFilter:60] --  authenticated user test4, setting security context  
[12:20:54.019] [nio-8080-exec-7] [INFO ] [s.b.c.CalendarController:37] --  [USER : test4] Request PUT /api/calendars/memo HTTP/1.1  
[12:20:54.044] [nio-8080-exec-7] [INFO ] [s.b.service.CalendarService:78] --  Service updateMemo, CalendarId : 1, date : 2021Y12M8  
[12:21:05.067] [           main] [INFO ] [s.bbichul.BbichulApplication:670] --  No active profile set, falling back to default profiles: default  
[12:21:10.548] [           main] [INFO ] [s.bbichul.BbichulApplication:61] --  Started BbichulApplication in 7.837 seconds (JVM running for 8.636)  
[12:21:17.662] [nio-8080-exec-2] [INFO ] [s.b.c.UserApiController:46] --  [USER : test4] Request POST /api/users/signup HTTP/1.1  
[12:21:20.775] [nio-8080-exec-3] [INFO ] [s.b.c.JwtAuthenticationFilter:60] --  authenticated user test4, setting security context  
[12:21:20.789] [nio-8080-exec-3] [INFO ] [s.b.c.CalendarController:29] --  [USER : test4 ] Request GET /api/calendars/info HTTP/1.1  
[12:21:35.292] [nio-8080-exec-4] [INFO ] [s.b.c.JwtAuthenticationFilter:60] --  authenticated user test4, setting security context  
[12:21:35.301] [nio-8080-exec-4] [INFO ] [s.b.c.CalendarController:37] --  [USER : test4] Request PUT /api/calendars/memo HTTP/1.1  
[12:21:35.355] [nio-8080-exec-4] [INFO ] [s.b.service.CalendarService:82] --  Service saveMemo, CalendarId : 1, date : 2021Y12M8  
[12:21:42.709] [nio-8080-exec-5] [INFO ] [s.b.c.JwtAuthenticationFilter:60] --  authenticated user test4, setting security context  
[12:21:42.713] [nio-8080-exec-5] [INFO ] [s.b.c.CalendarController:37] --  [USER : test4] Request PUT /api/calendars/memo HTTP/1.1  
[12:21:42.744] [nio-8080-exec-5] [INFO ] [s.b.service.CalendarService:78] --  Service updateMemo, CalendarId : 1, date : 2021Y12M8  
[12:22:53.384] [           main] [INFO ] [s.bbichul.BbichulApplication:670] --  No active profile set, falling back to default profiles: default  
[12:22:58.638] [           main] [INFO ] [s.bbichul.BbichulApplication:61] --  Started BbichulApplication in 7.465 seconds (JVM running for 8.106)  
[12:23:14.964] [nio-8080-exec-1] [INFO ] [s.b.c.UserApiController:46] --  [USER : test4] Request POST /api/users/signup HTTP/1.1  
[12:23:24.154] [nio-8080-exec-3] [INFO ] [s.b.c.JwtAuthenticationFilter:60] --  authenticated user test4, setting security context  
[12:23:24.163] [nio-8080-exec-3] [INFO ] [s.b.c.CalendarController:29] --  [USER : test4 ] Request GET /api/calendars/info HTTP/1.1  
[12:23:30.810] [nio-8080-exec-4] [INFO ] [s.b.c.JwtAuthenticationFilter:60] --  authenticated user test4, setting security context  
[12:23:30.837] [nio-8080-exec-4] [INFO ] [s.b.c.CalendarController:37] --  [USER : test4] Request PUT /api/calendars/memo HTTP/1.1  
[12:23:30.919] [nio-8080-exec-4] [INFO ] [s.b.service.CalendarService:85] --  Service saveMemo, CalendarId : 1, date : 2021Y12M8  
[12:23:36.089] [nio-8080-exec-5] [INFO ] [s.b.c.JwtAuthenticationFilter:60] --  authenticated user test4, setting security context  
[12:23:36.091] [nio-8080-exec-5] [INFO ] [s.b.c.CalendarController:37] --  [USER : test4] Request PUT /api/calendars/memo HTTP/1.1  
[12:23:36.120] [nio-8080-exec-5] [INFO ] [s.b.service.CalendarService:81] --  Service updateMemo, CalendarId : 1, date : 2021Y12M8  
[12:24:04.329] [nio-8080-exec-8] [INFO ] [s.b.c.JwtAuthenticationFilter:60] --  authenticated user test4, setting security context  
[12:24:04.338] [nio-8080-exec-8] [INFO ] [s.b.c.CalendarController:37] --  [USER : test4] Request PUT /api/calendars/memo HTTP/1.1  
[12:24:04.364] [nio-8080-exec-8] [INFO ] [s.b.service.CalendarService:81] --  Service updateMemo, CalendarId : 1, date : 2021Y12M8  
[12:24:48.908] [           main] [INFO ] [s.bbichul.BbichulApplication:670] --  No active profile set, falling back to default profiles: default  
[12:24:54.962] [           main] [INFO ] [s.bbichul.BbichulApplication:61] --  Started BbichulApplication in 8.684 seconds (JVM running for 9.488)  
[12:25:28.437] [nio-8080-exec-1] [INFO ] [s.b.c.UserApiController:46] --  [USER : test4] Request POST /api/users/signup HTTP/1.1  
[12:25:30.980] [nio-8080-exec-3] [INFO ] [s.b.c.JwtAuthenticationFilter:60] --  authenticated user test4, setting security context  
[12:25:30.987] [nio-8080-exec-3] [INFO ] [s.b.c.CalendarController:29] --  [USER : test4 ] Request GET /api/calendars/info HTTP/1.1  
[12:25:34.687] [nio-8080-exec-4] [INFO ] [s.b.c.JwtAuthenticationFilter:60] --  authenticated user test4, setting security context  
[12:25:34.715] [nio-8080-exec-4] [INFO ] [s.b.c.CalendarController:37] --  [USER : test4] Request PUT /api/calendars/memo HTTP/1.1  
[12:25:34.803] [nio-8080-exec-4] [INFO ] [s.b.service.CalendarService:85] --  Service saveMemo, CalendarId : 1, date : 2021Y12M8  
[12:25:41.438] [nio-8080-exec-5] [INFO ] [s.b.c.JwtAuthenticationFilter:60] --  authenticated user test4, setting security context  
[12:25:41.441] [nio-8080-exec-5] [INFO ] [s.b.c.CalendarController:37] --  [USER : test4] Request PUT /api/calendars/memo HTTP/1.1  
[12:27:13.763] [nio-8080-exec-5] [INFO ] [s.b.service.CalendarService:81] --  Service updateMemo, CalendarId : 1, date : 2021Y12M8  
[12:28:38.192] [nio-8080-exec-3] [INFO ] [s.b.c.JwtAuthenticationFilter:60] --  authenticated user test4, setting security context  
[12:28:38.234] [nio-8080-exec-3] [INFO ] [s.b.c.CalendarController:45] --  [USER : test4] Request GET /api/calendars/memo HTTP/1.1  
[12:29:27.702] [nio-8080-exec-6] [INFO ] [s.b.c.JwtAuthenticationFilter:60] --  authenticated user test4, setting security context  
[12:29:27.708] [nio-8080-exec-6] [INFO ] [s.b.c.CalendarController:29] --  [USER : test4 ] Request GET /api/calendars/info HTTP/1.1  
[12:29:33.078] [nio-8080-exec-5] [INFO ] [s.b.c.JwtAuthenticationFilter:60] --  authenticated user test4, setting security context  
[12:29:33.082] [nio-8080-exec-5] [INFO ] [s.b.c.CalendarController:37] --  [USER : test4] Request PUT /api/calendars/memo HTTP/1.1  
[12:30:47.926] [nio-8080-exec-5] [INFO ] [s.b.service.CalendarService:81] --  Service updateMemo, CalendarId : 1, date : 2021Y12M8  
[15:41:00.878] [           main] [INFO ] [s.bbichul.BbichulApplication:670] --  No active profile set, falling back to default profiles: default  
[15:41:06.423] [           main] [INFO ] [s.bbichul.BbichulApplication:61] --  Started BbichulApplication in 7.913 seconds (JVM running for 8.677)  
[15:41:52.502] [nio-8080-exec-1] [INFO ] [s.b.c.UserApiController:46] --  [USER : test4] Request POST /api/users/signup HTTP/1.1  
[16:27:36.694] [           main] [INFO ] [s.bbichul.BbichulApplication:670] --  No active profile set, falling back to default profiles: default  
[16:27:42.022] [           main] [INFO ] [s.bbichul.BbichulApplication:61] --  Started BbichulApplication in 7.756 seconds (JVM running for 8.613)  
[16:27:57.971] [io-8080-exec-10] [INFO ] [s.b.c.UserApiController:46] --  [USER : test4] Request POST /api/users/signup HTTP/1.1  
[16:28:00.760] [nio-8080-exec-2] [INFO ] [s.b.c.JwtAuthenticationFilter:60] --  authenticated user test4, setting security context  
[16:28:00.775] [nio-8080-exec-2] [INFO ] [s.b.c.CalendarController:29] --  [USER : test4 ] Request GET /api/calendars/info HTTP/1.1  
[16:28:05.733] [nio-8080-exec-1] [INFO ] [s.b.c.JwtAuthenticationFilter:60] --  authenticated user test4, setting security context  
[16:28:05.741] [nio-8080-exec-1] [INFO ] [s.b.c.CalendarController:37] --  [USER : test4] Request PUT /api/calendars/memo HTTP/1.1  
[16:28:05.797] [nio-8080-exec-1] [INFO ] [s.b.service.CalendarService:84] --  Service saveMemo, CalendarId : 1, date : 2021Y12M8  
[16:28:15.982] [nio-8080-exec-9] [INFO ] [s.b.c.JwtAuthenticationFilter:60] --  authenticated user test4, setting security context  
[16:28:15.985] [nio-8080-exec-9] [INFO ] [s.b.c.CalendarController:37] --  [USER : test4] Request PUT /api/calendars/memo HTTP/1.1  
[16:28:16.014] [nio-8080-exec-9] [INFO ] [s.b.service.CalendarService:80] --  Service updateMemo, CalendarId : 1, date : 2021Y12M8  
[16:30:30.347] [           main] [INFO ] [s.bbichul.BbichulApplication:670] --  No active profile set, falling back to default profiles: default  
[16:30:35.329] [           main] [INFO ] [s.bbichul.BbichulApplication:61] --  Started BbichulApplication in 7.204 seconds (JVM running for 7.879)  
[16:30:51.605] [nio-8080-exec-2] [INFO ] [s.b.c.UserApiController:46] --  [USER : test4] Request POST /api/users/signup HTTP/1.1  
[16:30:54.987] [nio-8080-exec-3] [INFO ] [s.b.c.JwtAuthenticationFilter:60] --  authenticated user test4, setting security context  
[16:30:54.995] [nio-8080-exec-3] [INFO ] [s.b.c.CalendarController:29] --  [USER : test4 ] Request GET /api/calendars/info HTTP/1.1  
[16:30:57.526] [nio-8080-exec-4] [INFO ] [s.b.c.JwtAuthenticationFilter:60] --  authenticated user test4, setting security context  
[16:30:57.553] [nio-8080-exec-4] [INFO ] [s.b.c.CalendarController:37] --  [USER : test4] Request PUT /api/calendars/memo HTTP/1.1  
[16:30:57.637] [nio-8080-exec-4] [INFO ] [s.b.service.CalendarService:85] --  Service saveMemo, CalendarId : 1, date : 2021Y12M8  
[16:31:10.590] [nio-8080-exec-5] [INFO ] [s.b.c.JwtAuthenticationFilter:60] --  authenticated user test4, setting security context  
[16:31:10.593] [nio-8080-exec-5] [INFO ] [s.b.c.CalendarController:37] --  [USER : test4] Request PUT /api/calendars/memo HTTP/1.1  
[16:31:10.615] [nio-8080-exec-5] [INFO ] [s.b.service.CalendarService:81] --  Service updateMemo, CalendarId : 1, date : 2021Y12M8  
[16:31:38.281] [nio-8080-exec-8] [INFO ] [s.b.c.JwtAuthenticationFilter:60] --  authenticated user test4, setting security context  
[16:31:38.289] [nio-8080-exec-8] [INFO ] [s.b.c.CalendarController:37] --  [USER : test4] Request PUT /api/calendars/memo HTTP/1.1  
[16:31:38.317] [nio-8080-exec-8] [INFO ] [s.b.service.CalendarService:81] --  Service updateMemo, CalendarId : 1, date : 2021Y12M8  
[16:32:09.243] [           main] [INFO ] [s.bbichul.BbichulApplication:670] --  No active profile set, falling back to default profiles: default  
[16:32:14.476] [           main] [INFO ] [s.bbichul.BbichulApplication:61] --  Started BbichulApplication in 7.569 seconds (JVM running for 8.201)  
[16:44:37.527] [           main] [INFO ] [s.bbichul.BbichulApplication:670] --  No active profile set, falling back to default profiles: default  
[16:44:42.469] [           main] [INFO ] [s.bbichul.BbichulApplication:61] --  Started BbichulApplication in 7.055 seconds (JVM running for 7.816)  
[16:58:45.141] [           main] [INFO ] [s.bbichul.BbichulApplication:670] --  No active profile set, falling back to default profiles: default  
[16:58:51.020] [           main] [INFO ] [s.bbichul.BbichulApplication:61] --  Started BbichulApplication in 8.263 seconds (JVM running for 8.932)  
[16:58:55.875] [nio-8080-exec-2] [INFO ] [s.b.c.UserApiController:46] --  [USER : test4] Request POST /api/users/signup HTTP/1.1  
[16:59:00.962] [nio-8080-exec-3] [INFO ] [s.b.c.JwtAuthenticationFilter:60] --  authenticated user test4, setting security context  
[16:59:00.982] [nio-8080-exec-3] [INFO ] [s.b.c.CalendarController:29] --  [USER : test4 ] Request GET /api/calendars/info HTTP/1.1  
[16:59:18.348] [nio-8080-exec-4] [INFO ] [s.b.c.JwtAuthenticationFilter:60] --  authenticated user test4, setting security context  
[16:59:18.359] [nio-8080-exec-4] [INFO ] [s.b.c.CalendarController:37] --  [USER : test4] Request PUT /api/calendars/memo HTTP/1.1  
[16:59:18.411] [nio-8080-exec-4] [INFO ] [s.b.service.CalendarService:95] --  Service saveMemo, CalendarId : 1, date : 2021Y12M8  
[16:59:21.842] [nio-8080-exec-5] [WARN ] [s.b.c.JwtAuthenticationFilter:45] --  the token is expired and not valid anymore  
io.jsonwebtoken.ExpiredJwtException: JWT expired at 2021-12-28T20:10:36Z. Current time: 2021-12-29T16:59:21Z, a difference of 74925837 milliseconds.  Allowed clock skew: 0 milliseconds.
	at io.jsonwebtoken.impl.DefaultJwtParser.parse(DefaultJwtParser.java:385)
	at io.jsonwebtoken.impl.DefaultJwtParser.parse(DefaultJwtParser.java:481)
	at io.jsonwebtoken.impl.DefaultJwtParser.parseClaimsJws(DefaultJwtParser.java:541)
	at site.bbichul.utills.JwtTokenUtil.getAllClaimsFromToken(JwtTokenUtil.java:42)
	at site.bbichul.utills.JwtTokenUtil.getClaimFromToken(JwtTokenUtil.java:37)
	at site.bbichul.utills.JwtTokenUtil.getUsernameFromToken(JwtTokenUtil.java:28)
	at site.bbichul.controller.JwtAuthenticationFilter.doFilterInternal(JwtAuthenticationFilter.java:41)
	at org.springframework.web.filter.OncePerRequestFilter.doFilter(OncePerRequestFilter.java:119)
	at org.springframework.security.web.FilterChainProxy$VirtualFilterChain.doFilter(FilterChainProxy.java:336)
	at org.springframework.security.web.authentication.logout.LogoutFilter.doFilter(LogoutFilter.java:103)
	at org.springframework.security.web.authentication.logout.LogoutFilter.doFilter(LogoutFilter.java:89)
	at org.springframework.security.web.FilterChainProxy$VirtualFilterChain.doFilter(FilterChainProxy.java:336)
	at org.springframework.security.web.header.HeaderWriterFilter.doHeadersAfter(HeaderWriterFilter.java:90)
	at org.springframework.security.web.header.HeaderWriterFilter.doFilterInternal(HeaderWriterFilter.java:75)
	at org.springframework.web.filter.OncePerRequestFilter.doFilter(OncePerRequestFilter.java:119)
	at org.springframework.security.web.FilterChainProxy$VirtualFilterChain.doFilter(FilterChainProxy.java:336)
	at org.springframework.security.web.context.SecurityContextPersistenceFilter.doFilter(SecurityContextPersistenceFilter.java:110)
	at org.springframework.security.web.context.SecurityContextPersistenceFilter.doFilter(SecurityContextPersistenceFilter.java:80)
	at org.springframework.security.web.FilterChainProxy$VirtualFilterChain.doFilter(FilterChainProxy.java:336)
	at org.springframework.security.web.context.request.async.WebAsyncManagerIntegrationFilter.doFilterInternal(WebAsyncManagerIntegrationFilter.java:55)
	at org.springframework.web.filter.OncePerRequestFilter.doFilter(OncePerRequestFilter.java:119)
	at org.springframework.security.web.FilterChainProxy$VirtualFilterChain.doFilter(FilterChainProxy.java:336)
	at org.springframework.security.web.FilterChainProxy.doFilterInternal(FilterChainProxy.java:211)
	at org.springframework.security.web.FilterChainProxy.doFilter(FilterChainProxy.java:183)
	at org.springframework.web.filter.DelegatingFilterProxy.invokeDelegate(DelegatingFilterProxy.java:358)
	at org.springframework.web.filter.DelegatingFilterProxy.doFilter(DelegatingFilterProxy.java:271)
	at org.apache.catalina.core.ApplicationFilterChain.internalDoFilter(ApplicationFilterChain.java:189)
	at org.apache.catalina.core.ApplicationFilterChain.doFilter(ApplicationFilterChain.java:162)
	at org.springframework.web.filter.RequestContextFilter.doFilterInternal(RequestContextFilter.java:100)
	at org.springframework.web.filter.OncePerRequestFilter.doFilter(OncePerRequestFilter.java:119)
	at org.apache.catalina.core.ApplicationFilterChain.internalDoFilter(ApplicationFilterChain.java:189)
	at org.apache.catalina.core.ApplicationFilterChain.doFilter(ApplicationFilterChain.java:162)
	at org.springframework.web.filter.FormContentFilter.doFilterInternal(FormContentFilter.java:93)
	at org.springframework.web.filter.OncePerRequestFilter.doFilter(OncePerRequestFilter.java:119)
	at org.apache.catalina.core.ApplicationFilterChain.internalDoFilter(ApplicationFilterChain.java:189)
	at org.apache.catalina.core.ApplicationFilterChain.doFilter(ApplicationFilterChain.java:162)
	at org.springframework.web.filter.CharacterEncodingFilter.doFilterInternal(CharacterEncodingFilter.java:201)
	at org.springframework.web.filter.OncePerRequestFilter.doFilter(OncePerRequestFilter.java:119)
	at org.apache.catalina.core.ApplicationFilterChain.internalDoFilter(ApplicationFilterChain.java:189)
	at org.apache.catalina.core.ApplicationFilterChain.doFilter(ApplicationFilterChain.java:162)
	at org.apache.catalina.core.StandardWrapperValve.invoke(StandardWrapperValve.java:197)
	at org.apache.catalina.core.StandardContextValve.invoke(StandardContextValve.java:97)
	at org.apache.catalina.authenticator.AuthenticatorBase.invoke(AuthenticatorBase.java:540)
	at org.apache.catalina.core.StandardHostValve.invoke(StandardHostValve.java:135)
	at org.apache.catalina.valves.ErrorReportValve.invoke(ErrorReportValve.java:92)
	at org.apache.catalina.core.StandardEngineValve.invoke(StandardEngineValve.java:78)
	at org.apache.catalina.connector.CoyoteAdapter.service(CoyoteAdapter.java:357)
	at org.apache.coyote.http11.Http11Processor.service(Http11Processor.java:382)
	at org.apache.coyote.AbstractProcessorLight.process(AbstractProcessorLight.java:65)
	at org.apache.coyote.AbstractProtocol$ConnectionHandler.process(AbstractProtocol.java:895)
	at org.apache.tomcat.util.net.NioEndpoint$SocketProcessor.doRun(NioEndpoint.java:1722)
	at org.apache.tomcat.util.net.SocketProcessorBase.run(SocketProcessorBase.java:49)
	at org.apache.tomcat.util.threads.ThreadPoolExecutor.runWorker(ThreadPoolExecutor.java:1191)
	at org.apache.tomcat.util.threads.ThreadPoolExecutor$Worker.run(ThreadPoolExecutor.java:659)
	at org.apache.tomcat.util.threads.TaskThread$WrappingRunnable.run(TaskThread.java:61)
	at java.lang.Thread.run(Thread.java:748)
[16:59:25.927] [nio-8080-exec-7] [INFO ] [s.b.c.JwtAuthenticationFilter:60] --  authenticated user test4, setting security context  
[16:59:25.930] [nio-8080-exec-7] [INFO ] [s.b.c.CalendarController:37] --  [USER : test4] Request PUT /api/calendars/memo HTTP/1.1  
[16:59:25.961] [nio-8080-exec-7] [INFO ] [s.b.service.CalendarService:91] --  Service updateMemo, CalendarId : 1, date : 2021Y12M8  
[17:00:53.944] [nio-8080-exec-3] [INFO ] [s.b.c.JwtAuthenticationFilter:60] --  authenticated user test4, setting security context  
[17:00:53.955] [nio-8080-exec-3] [INFO ] [s.b.c.CalendarController:37] --  [USER : test4] Request PUT /api/calendars/memo HTTP/1.1  
[17:00:53.980] [nio-8080-exec-3] [INFO ] [s.b.service.CalendarService:91] --  Service updateMemo, CalendarId : 1, date : 2021Y12M8  
[17:01:10.341] [nio-8080-exec-7] [INFO ] [s.b.c.JwtAuthenticationFilter:60] --  authenticated user test4, setting security context  
[17:01:10.343] [nio-8080-exec-7] [INFO ] [s.b.c.CalendarController:37] --  [USER : test4] Request PUT /api/calendars/memo HTTP/1.1  
[17:01:10.367] [nio-8080-exec-7] [INFO ] [s.b.service.CalendarService:91] --  Service updateMemo, CalendarId : 1, date : 2021Y12M8  
[17:01:23.631] [nio-8080-exec-8] [INFO ] [s.b.c.JwtAuthenticationFilter:60] --  authenticated user test4, setting security context  
[17:01:23.633] [nio-8080-exec-8] [INFO ] [s.b.c.CalendarController:37] --  [USER : test4] Request PUT /api/calendars/memo HTTP/1.1  
[17:01:23.650] [nio-8080-exec-8] [INFO ] [s.b.service.CalendarService:91] --  Service updateMemo, CalendarId : 1, date : 2021Y12M8  
[17:01:32.910] [nio-8080-exec-5] [INFO ] [s.b.c.JwtAuthenticationFilter:60] --  authenticated user test4, setting security context  
[17:01:32.912] [nio-8080-exec-5] [INFO ] [s.b.c.CalendarController:37] --  [USER : test4] Request PUT /api/calendars/memo HTTP/1.1  
[17:01:32.932] [nio-8080-exec-5] [INFO ] [s.b.service.CalendarService:91] --  Service updateMemo, CalendarId : 1, date : 2021Y12M8  
